<?xml version="1.0" encoding="UTF-8"?>
<!-- Generated by org.testng.reporters.JUnitReportReporter -->
<testsuite hostname="CNIL-8YNJW33" failures="0" tests="3" name="com.practice.learning.TestCases" time="64.007" errors="0" timestamp="2021-02-11T23:30:00 IST" skipped="0">
  <testcase classname="com.practice.learning.TestCases" name="verifyLegalAge" time="12.602"/>
  <system-out/>
  <testcase classname="com.practice.learning.TestCases" name="verifyLegalAge_GreaterThan18" time="22.237"/>
  <system-out/>
  <testcase classname="com.practice.learning.TestCases" name="validateNumberOfEmployees" time="29.168"/>
  <system-out/>
</testsuite> <!-- com.practice.learning.TestCases -->
