<?xml version="1.0" encoding="UTF-8"?>
<!-- Generated by org.testng.reporters.JUnitReportReporter -->
<testsuite hostname="CNIL-8YNJW33" failures="0" tests="3" name="com.practice.learning.TestCases" time="59.271" errors="0" timestamp="2021-02-12T18:12:10 IST" skipped="0">
  <testcase classname="com.practice.learning.TestCases" name="verifyLegalAge" time="13.787"/>
  <system-out/>
  <testcase classname="com.practice.learning.TestCases" name="verifyLegalAge_GreaterThan18" time="17.102"/>
  <system-out/>
  <testcase classname="com.practice.learning.TestCases" name="validateNumberOfEmployees" time="28.382"/>
  <system-out/>
</testsuite> <!-- com.practice.learning.TestCases -->
