<?xml version="1.0" encoding="UTF-8"?>
<!-- Generated by org.testng.reporters.JUnitReportReporter -->
<testsuite hostname="CNIL-8YNJW33" failures="0" tests="1" name="com.practice.learning.demo.Base" time="6.477" errors="0" timestamp="2021-02-11T13:47:27 IST" skipped="0">
  <testcase classname="com.practice.learning.demo.Base" name="getDriver" time="6.477"/>
  <system-out/>
</testsuite> <!-- com.practice.learning.demo.Base -->
